《多源数据采集软件》软件更新日志

版本：v2.6.4
日期：2015-03-15
作者：董胜伟
更新：
1.解决bug：串口号大于等于10，串口读写错误。
2.软件开始采集数据时，特定的控件变为不可用。
3.软件中只显示可用串口信息(如果是虚拟串口，则注明Virtual)
4.限制软件窗口大小，用户不可改变软件窗口大小。


版本：v2.6.3
日期：2015-03-11
作者：董胜伟
更新：
1.解决bug：串口参数配置不生效
2.将软件更新日志添加到软件安装包中

版本：v2.6.2
日期：2015-03-10
作者：董胜伟
更新：
1.解决bug：软件运行时，多次点击“开始/停止”按钮后，串口无法打开
2.解决bug：串口号大于等于10，串口无法打开

版本：v2.6.1
日期：2015-03-09
作者：董胜伟
更新：
1.在软件上添加图标(公司logo)
2.解决bug：保存配置不成功

版本：v2.6.0
日期：2015-03-08
作者：董胜伟
更新：
1.在Qt开发平台上使用C++重新开发《多源数据采集软件》
2.实现多通道输入，单通道输出。可以与东华3815N静态应变仪通信，同时显示多通道数据
3.软件上显示当前输入数据的真实值

版本：v2.0
日期：2014-12-19
作者：董胜伟
更新：
1.添加对固纬数字万用表的数据采集，统一数字通道可以在三和数显仪与固纬数字万用表中选择其一

版本：v1.1.1
日期：2014-12-05
作者：董胜伟
更新：
1.开始数据采集后，通道、波特率都不可以修改。

版本：v1.1
日期：2014-12-05
作者：董胜伟
更新：
1.8个通道的设置选项集合到一个选项卡中，该选项卡可以根据用户设置的通道数显示一定数目的选项标签页
2.去掉菜单栏以及LabVIEW自带的运行、停止等按钮，以窗口形式运行，简洁
3.修复v1.0中需要先讲软件停止后对串口进行设置才能生效的bug
4.安装包中包含NI-VISA运行引擎，无需单独安装NI-VISA
5.在计算机中安装完成，可以在桌面上生成快捷方式

版本：v1.0
日期:2014-11-23
作者：董胜伟
功能：
1.通过串口/USB接收三和数显仪数据，并将数据简单处理后通过虚拟串口发送给东华应变仪
2.输入输出通道的波特率都可以调节(但应该使用默认值，否则无法实现正常通信)
3.最多允许8个通道(通道数目受东华《DH3815N静态应变测试系统》限制)
4.在计算机中安装完成，可以在开始菜单的程序文件夹中生成快捷方式